
> frontend@0.1.0 dev
> next dev

  ▲ Next.js 14.2.35
  - Local:        http://localhost:3000
  - Environments: .env.local

 ✓ Starting...
 ✓ Ready in 868ms
 ○ Compiling /all-mail/other ...
 ✓ Compiled /all-mail/other in 1699ms (635 modules)
 ✓ Compiled in 40ms (307 modules)
 ✓ Compiled in 61ms (307 modules)
 ✓ Compiled in 64ms (307 modules)
 ✓ Compiled in 54ms (307 modules)
 ✓ Compiled in 54ms (307 modules)
 ✓ Compiled in 260ms (626 modules)
 ✓ Compiled /new-mail/other in 144ms (614 modules)
 GET /new-mail/other 200 in 56ms
 ✓ Compiled /favicon.ico in 85ms (351 modules)
 GET /favicon.ico 200 in 121ms
 GET /new-mail/other 200 in 61ms
 GET /favicon.ico 200 in 6ms
 GET /new-mail/other 200 in 17ms
 GET /favicon.ico 200 in 4ms
 GET /new-mail/other 200 in 18ms
 GET /favicon.ico 200 in 6ms
 GET /new-mail/other 200 in 19ms
 GET /favicon.ico 200 in 4ms
 GET /new-mail/other 200 in 13ms
 GET /favicon.ico 200 in 5ms
 GET /new-mail/other 200 in 25ms
 GET /favicon.ico 200 in 4ms
 GET /new-mail/other 200 in 16ms
 GET /favicon.ico 200 in 6ms
 ✓ Compiled /all-mail/other in 67ms (355 modules)
 GET /new-mail/other 200 in 51ms
 GET /favicon.ico 200 in 15ms
 GET /new-mail/other 200 in 24ms
 GET /favicon.ico 200 in 4ms
 ✓ Compiled /new-mail/work in 401ms (628 modules)
